2026-02-24 07:42:29 [INFO] goszakup.main: Режим: однократный запуск
2026-02-24 07:42:29 [INFO] goszakup.service: === Старт парсинга (run_id=1) ===
2026-02-24 07:42:33 [INFO] goszakup.parser: WebDriver инициализирован
2026-02-24 07:42:33 [INFO] goszakup.parser: Загружаем https://www.goszakup.gov.kz/ru/search/lots
2026-02-24 07:42:52 [INFO] goszakup.parser: Всего страниц: 7
2026-02-24 07:42:52 [INFO] goszakup.parser: Парсим страницу 1/7
2026-02-24 07:42:54 [INFO] goszakup.parser:   Страница 1: найдено строк = 16
2026-02-24 07:42:55 [INFO] goszakup.parser: Парсим страницу 2/7
2026-02-24 07:42:58 [INFO] goszakup.parser:   Страница 2: найдено строк = 16
2026-02-24 07:42:58 [INFO] goszakup.parser: Парсим страницу 3/7
2026-02-24 07:43:02 [INFO] goszakup.parser:   Страница 3: найдено строк = 16
2026-02-24 07:43:02 [INFO] goszakup.parser: Парсим страницу 4/7
2026-02-24 07:43:06 [INFO] goszakup.parser:   Страница 4: найдено строк = 16
2026-02-24 07:43:06 [INFO] goszakup.parser: Парсим страницу 5/7
2026-02-24 07:43:10 [INFO] goszakup.parser:   Страница 5: найдено строк = 16
2026-02-24 07:43:10 [INFO] goszakup.parser: Парсим страницу 6/7
2026-02-24 07:43:15 [INFO] goszakup.parser:   Страница 6: найдено строк = 16
2026-02-24 07:43:15 [INFO] goszakup.parser: Парсим страницу 7/7
2026-02-24 07:43:20 [INFO] goszakup.parser:   Страница 7: найдено строк = 16
2026-02-24 07:43:22 [INFO] goszakup.parser: WebDriver закрыт
2026-02-24 07:43:27 [INFO] goszakup.service: === Парсинг завершён (run_id=1): найдено=112, новых=16 ===
2026-02-24 07:43:51 [INFO] goszakup.main: Планировщик запущен. Интервал: 3 ч. Следующий запуск — через 3 ч.
2026-02-24 07:43:51 [INFO] goszakup.main: Первый запуск выполняем сразу...
2026-02-24 07:43:51 [INFO] goszakup.service: === Старт парсинга (run_id=2) ===
2026-02-24 07:43:55 [INFO] goszakup.parser: WebDriver инициализирован
2026-02-24 07:43:55 [INFO] goszakup.parser: Загружаем https://www.goszakup.gov.kz/ru/search/lots
2026-02-24 07:44:13 [INFO] goszakup.parser: Всего страниц: 7
2026-02-24 07:44:13 [INFO] goszakup.parser: Парсим страницу 1/7
2026-02-24 07:44:15 [INFO] goszakup.parser:   Страница 1: найдено строк = 16
2026-02-24 07:44:15 [INFO] goszakup.parser: Парсим страницу 2/7
2026-02-24 07:44:19 [INFO] goszakup.parser:   Страница 2: найдено строк = 16
2026-02-24 07:44:19 [INFO] goszakup.parser: Парсим страницу 3/7
2026-02-24 07:44:24 [INFO] goszakup.parser:   Страница 3: найдено строк = 16
2026-02-24 07:44:24 [INFO] goszakup.parser: Парсим страницу 4/7
2026-02-24 07:44:29 [INFO] goszakup.parser:   Страница 4: найдено строк = 16
2026-02-24 07:44:29 [INFO] goszakup.parser: Парсим страницу 5/7
2026-02-24 07:44:33 [INFO] goszakup.parser:   Страница 5: найдено строк = 16
2026-02-24 07:44:33 [INFO] goszakup.parser: Парсим страницу 6/7
2026-02-24 07:44:37 [INFO] goszakup.parser:   Страница 6: найдено строк = 16
2026-02-24 07:44:37 [INFO] goszakup.parser: Парсим страницу 7/7
2026-02-24 07:44:42 [INFO] goszakup.parser:   Страница 7: найдено строк = 16
2026-02-24 07:44:44 [INFO] goszakup.parser: WebDriver закрыт
2026-02-24 07:44:48 [INFO] goszakup.service: === Парсинг завершён (run_id=2): найдено=112, новых=0 ===
2026-02-24 07:44:48 [INFO] goszakup.main: Ожидаем следующего запуска по расписанию...
2026-02-24 10:43:51 [INFO] goszakup.service: === Старт парсинга (run_id=3) ===
2026-02-24 10:43:57 [INFO] goszakup.parser: WebDriver инициализирован
2026-02-24 10:43:57 [INFO] goszakup.parser: Загружаем https://www.goszakup.gov.kz/ru/search/lots
2026-02-24 10:44:15 [INFO] goszakup.parser: Всего страниц: 7
2026-02-24 10:44:15 [INFO] goszakup.parser: Парсим страницу 1/7
2026-02-24 10:44:17 [INFO] goszakup.parser:   Страница 1: найдено строк = 16
2026-02-24 10:44:17 [INFO] goszakup.parser: Парсим страницу 2/7
2026-02-24 10:44:21 [INFO] goszakup.parser:   Страница 2: найдено строк = 16
2026-02-24 10:44:21 [INFO] goszakup.parser: Парсим страницу 3/7
2026-02-24 10:44:25 [INFO] goszakup.parser:   Страница 3: найдено строк = 16
2026-02-24 10:44:25 [INFO] goszakup.parser: Парсим страницу 4/7
2026-02-24 10:44:55 [ERROR] goszakup.parser: Ошибка при переходе на страницу 4: Message: timeout: Timed out receiving message from renderer: -0.014
  (Session info: chrome=145.0.7632.111)
Stacktrace:
Symbols not available. Dumping unresolved backtrace:
	0xf87dd3
	0xf87e14
	0xd91db0
	0xd82173
	0xd81ea5
	0xd7ffb8
	0xd80806
	0xd8d65b
	0xd9f38e
	0xda4df6
	0xd80e8c
	0xd9f10f
	0xe1b531
	0xdfe7d6
	0xdd0049
	0xdd0e04
	0x11e6924
	0x11e1bf7
	0x11ff5a0
	0xfa0f58
	0xfa891d
	0xf90648
	0xf90812
	0xf7a21a
	0x76155d49
	0x7799d5db
	0x7799d561

2026-02-24 10:44:55 [WARNING] goszakup.parser: Страница 4 не загрузилась, пропускаем
2026-02-24 10:44:55 [INFO] goszakup.parser: Парсим страницу 5/7
2026-02-24 10:45:25 [ERROR] goszakup.parser: Ошибка при переходе на страницу 5: Message: timeout: Timed out receiving message from renderer: 28.733
  (Session info: chrome=145.0.7632.111)
Stacktrace:
Symbols not available. Dumping unresolved backtrace:
	0xf87dd3
	0xf87e14
	0xd91db0
	0xd82173
	0xd81ea5
	0xd7ffb8
	0xd80806
	0xd8d65b
	0xd9f38e
	0xda4df6
	0xd80e8c
	0xd9f10f
	0xe1b941
	0xdfe7d6
	0xdd0049
	0xdd0e04
	0x11e6924
	0x11e1bf7
	0x11ff5a0
	0xfa0f58
	0xfa891d
	0xf90648
	0xf90812
	0xf7a21a
	0x76155d49
	0x7799d5db
	0x7799d561

2026-02-24 10:45:25 [WARNING] goszakup.parser: Страница 5 не загрузилась, пропускаем
2026-02-24 10:45:25 [INFO] goszakup.parser: Парсим страницу 6/7
2026-02-24 10:45:55 [ERROR] goszakup.parser: Ошибка при переходе на страницу 6: Message: timeout: Timed out receiving message from renderer: -0.012
  (Session info: chrome=145.0.7632.111)
Stacktrace:
Symbols not available. Dumping unresolved backtrace:
	0xf87dd3
	0xf87e14
	0xd91db0
	0xd82173
	0xd81ea5
	0xd7ffb8
	0xd80806
	0xd8d65b
	0xd9f38e
	0xda4df6
	0xd80e8c
	0xd9f10f
	0xe1b531
	0xdfe7d6
	0xdd0049
	0xdd0e04
	0x11e6924
	0x11e1bf7
	0x11ff5a0
	0xfa0f58
	0xfa891d
	0xf90648
	0xf90812
	0xf7a21a
	0x76155d49
	0x7799d5db
	0x7799d561

2026-02-24 10:45:55 [WARNING] goszakup.parser: Страница 6 не загрузилась, пропускаем
2026-02-24 10:45:55 [INFO] goszakup.parser: Парсим страницу 7/7
2026-02-24 10:46:01 [INFO] goszakup.parser:   Страница 7: найдено строк = 16
2026-02-24 10:46:03 [INFO] goszakup.parser: WebDriver закрыт
2026-02-24 10:46:07 [INFO] goszakup.service: === Парсинг завершён (run_id=3): найдено=64, новых=12 ===
2026-02-24 10:46:07 [INFO] goszakup.main: Задача успешно выполнена
2026-02-24 13:43:51 [INFO] goszakup.main: Получен сигнал завершения, останавливаем планировщик...
2026-02-24 13:44:24 [INFO] goszakup.main: Планировщик запущен. Интервал: 3 ч. Следующий запуск — через 3 ч.
2026-02-24 13:44:24 [INFO] goszakup.main: Первый запуск выполняем сразу...
2026-02-24 13:44:24 [INFO] goszakup.service: ╔═══ СТАРТ ПАРСИНГА (run_id=4) ═══
2026-02-24 13:44:29 [INFO] goszakup.parser: WebDriver инициализирован
2026-02-24 13:44:29 [INFO] goszakup.parser: Загружаем первую страницу: https://www.goszakup.gov.kz/ru/search/lots
2026-02-24 13:44:50 [INFO] goszakup.parser: Всего записей: 10000, на странице: 50, страниц: 200
2026-02-24 13:44:50 [INFO] goszakup.parser: Начинаем обход 200 страниц...
2026-02-24 13:44:50 [INFO] goszakup.parser: → Страница 1/200
2026-02-24 13:44:50 [INFO] goszakup.parser:   Найдено лотов: 50
2026-02-24 13:44:52 [INFO] goszakup.parser: → Страница 2/200: https://www.goszakup.gov.kz/ru/search/lots?page=2
2026-02-24 13:44:58 [INFO] goszakup.parser:   Найдено лотов: 50
2026-02-24 13:44:58 [INFO] goszakup.service:   Сохранено новых лотов: 100 (всего обработано: 100)
2026-02-24 13:44:59 [INFO] goszakup.parser: → Страница 3/200: https://www.goszakup.gov.kz/ru/search/lots?page=3
2026-02-24 13:45:07 [INFO] goszakup.parser:   Найдено лотов: 50
2026-02-24 13:45:08 [INFO] goszakup.parser: → Страница 4/200: https://www.goszakup.gov.kz/ru/search/lots?page=4
2026-02-24 13:45:15 [INFO] goszakup.parser:   Найдено лотов: 50
2026-02-24 13:45:15 [INFO] goszakup.service:   Сохранено новых лотов: 200 (всего обработано: 200)
2026-02-24 13:45:17 [INFO] goszakup.parser: → Страница 5/200: https://www.goszakup.gov.kz/ru/search/lots?page=5
2026-02-24 13:45:26 [INFO] goszakup.parser:   Найдено лотов: 50
2026-02-24 13:45:27 [INFO] goszakup.parser: → Страница 6/200: https://www.goszakup.gov.kz/ru/search/lots?page=6
2026-02-24 13:45:36 [INFO] goszakup.parser:   Найдено лотов: 50
2026-02-24 13:45:37 [INFO] goszakup.service:   Сохранено новых лотов: 300 (всего обработано: 300)
2026-02-24 13:45:38 [INFO] goszakup.parser: → Страница 7/200: https://www.goszakup.gov.kz/ru/search/lots?page=7
2026-02-24 13:45:45 [INFO] goszakup.parser:   Найдено лотов: 50
2026-02-24 13:45:47 [INFO] goszakup.parser: → Страница 8/200: https://www.goszakup.gov.kz/ru/search/lots?page=8
2026-02-24 13:45:55 [INFO] goszakup.parser:   Найдено лотов: 50
2026-02-24 13:45:56 [INFO] goszakup.service:   Сохранено новых лотов: 400 (всего обработано: 400)
2026-02-24 13:45:57 [INFO] goszakup.parser: → Страница 9/200: https://www.goszakup.gov.kz/ru/search/lots?page=9
2026-02-24 13:46:07 [INFO] goszakup.parser:   Найдено лотов: 50
2026-02-24 13:46:08 [INFO] goszakup.parser: → Страница 10/200: https://www.goszakup.gov.kz/ru/search/lots?page=10
2026-02-24 13:46:37 [INFO] goszakup.parser:   Найдено лотов: 50
2026-02-24 13:46:37 [INFO] goszakup.service:   Сохранено новых лотов: 500 (всего обработано: 500)
2026-02-24 13:46:38 [INFO] goszakup.parser: → Страница 11/200: https://www.goszakup.gov.kz/ru/search/lots?page=11
2026-02-24 13:46:48 [INFO] goszakup.parser:   Найдено лотов: 50
2026-02-24 13:46:50 [INFO] goszakup.parser: → Страница 12/200: https://www.goszakup.gov.kz/ru/search/lots?page=12
2026-02-24 13:46:57 [INFO] goszakup.parser:   Найдено лотов: 50
2026-02-24 13:46:57 [INFO] goszakup.service:   Сохранено новых лотов: 600 (всего обработано: 600)
2026-02-24 13:46:58 [INFO] goszakup.parser: → Страница 13/200: https://www.goszakup.gov.kz/ru/search/lots?page=13
2026-02-24 13:47:06 [INFO] goszakup.parser:   Найдено лотов: 50
2026-02-24 13:47:08 [INFO] goszakup.parser: → Страница 14/200: https://www.goszakup.gov.kz/ru/search/lots?page=14
2026-02-24 13:47:15 [INFO] goszakup.parser:   Найдено лотов: 50
2026-02-24 13:47:15 [INFO] goszakup.service:   Сохранено новых лотов: 700 (всего обработано: 700)
2026-02-24 13:47:17 [INFO] goszakup.parser: → Страница 15/200: https://www.goszakup.gov.kz/ru/search/lots?page=15
2026-02-24 13:47:24 [INFO] goszakup.parser:   Найдено лотов: 50
2026-02-24 13:47:26 [INFO] goszakup.parser: → Страница 16/200: https://www.goszakup.gov.kz/ru/search/lots?page=16
2026-02-24 13:47:30 [INFO] goszakup.parser:   Найдено лотов: 50
2026-02-24 13:47:30 [INFO] goszakup.service:   Сохранено новых лотов: 800 (всего обработано: 800)
2026-02-24 13:47:32 [INFO] goszakup.parser: → Страница 17/200: https://www.goszakup.gov.kz/ru/search/lots?page=17
2026-02-24 13:47:36 [INFO] goszakup.parser:   Найдено лотов: 50
2026-02-24 13:47:38 [INFO] goszakup.parser: → Страница 18/200: https://www.goszakup.gov.kz/ru/search/lots?page=18
2026-02-24 13:47:42 [INFO] goszakup.parser:   Найдено лотов: 50
2026-02-24 13:47:42 [INFO] goszakup.service:   Сохранено новых лотов: 900 (всего обработано: 900)
2026-02-24 13:47:44 [INFO] goszakup.parser: → Страница 19/200: https://www.goszakup.gov.kz/ru/search/lots?page=19
2026-02-24 13:47:48 [INFO] goszakup.parser:   Найдено лотов: 50
2026-02-24 13:47:49 [INFO] goszakup.parser: → Страница 20/200: https://www.goszakup.gov.kz/ru/search/lots?page=20
2026-02-24 13:47:54 [INFO] goszakup.parser:   Найдено лотов: 50
2026-02-24 13:47:54 [INFO] goszakup.service:   Сохранено новых лотов: 1000 (всего обработано: 1000)
2026-02-24 13:47:55 [INFO] goszakup.parser: → Страница 21/200: https://www.goszakup.gov.kz/ru/search/lots?page=21
2026-02-24 13:48:00 [INFO] goszakup.parser:   Найдено лотов: 50
2026-02-24 13:48:01 [INFO] goszakup.parser: → Страница 22/200: https://www.goszakup.gov.kz/ru/search/lots?page=22
2026-02-24 13:48:06 [INFO] goszakup.parser:   Найдено лотов: 50
2026-02-24 13:48:06 [INFO] goszakup.service:   Сохранено новых лотов: 1100 (всего обработано: 1100)
2026-02-24 13:48:07 [INFO] goszakup.parser: → Страница 23/200: https://www.goszakup.gov.kz/ru/search/lots?page=23
2026-02-24 13:48:11 [INFO] goszakup.parser:   Найдено лотов: 50
2026-02-24 13:48:13 [INFO] goszakup.parser: → Страница 24/200: https://www.goszakup.gov.kz/ru/search/lots?page=24
2026-02-24 13:48:17 [INFO] goszakup.parser:   Найдено лотов: 50
2026-02-24 13:48:17 [INFO] goszakup.service:   Сохранено новых лотов: 1200 (всего обработано: 1200)
2026-02-24 13:48:19 [INFO] goszakup.parser: → Страница 25/200: https://www.goszakup.gov.kz/ru/search/lots?page=25
2026-02-24 13:48:23 [INFO] goszakup.parser:   Найдено лотов: 50
2026-02-24 13:48:25 [INFO] goszakup.parser: → Страница 26/200: https://www.goszakup.gov.kz/ru/search/lots?page=26
2026-02-24 13:48:29 [INFO] goszakup.parser:   Найдено лотов: 50
2026-02-24 13:48:29 [INFO] goszakup.service:   Сохранено новых лотов: 1300 (всего обработано: 1300)
2026-02-24 13:48:31 [INFO] goszakup.parser: → Страница 27/200: https://www.goszakup.gov.kz/ru/search/lots?page=27
2026-02-24 13:48:35 [INFO] goszakup.parser:   Найдено лотов: 50
2026-02-24 13:48:37 [INFO] goszakup.parser: → Страница 28/200: https://www.goszakup.gov.kz/ru/search/lots?page=28
2026-02-24 13:48:41 [INFO] goszakup.parser:   Найдено лотов: 50
2026-02-24 13:48:41 [INFO] goszakup.service:   Сохранено новых лотов: 1400 (всего обработано: 1400)
2026-02-24 13:48:43 [INFO] goszakup.parser: → Страница 29/200: https://www.goszakup.gov.kz/ru/search/lots?page=29
2026-02-24 13:48:47 [INFO] goszakup.parser:   Найдено лотов: 50
2026-02-24 13:48:49 [INFO] goszakup.parser: → Страница 30/200: https://www.goszakup.gov.kz/ru/search/lots?page=30
2026-02-24 13:48:53 [INFO] goszakup.parser:   Найдено лотов: 50
2026-02-24 13:48:53 [INFO] goszakup.service:   Сохранено новых лотов: 1500 (всего обработано: 1500)
2026-02-24 13:48:55 [INFO] goszakup.parser: → Страница 31/200: https://www.goszakup.gov.kz/ru/search/lots?page=31
2026-02-24 13:48:59 [INFO] goszakup.parser:   Найдено лотов: 50
2026-02-24 13:49:01 [INFO] goszakup.parser: → Страница 32/200: https://www.goszakup.gov.kz/ru/search/lots?page=32
2026-02-24 13:49:05 [INFO] goszakup.parser:   Найдено лотов: 50
2026-02-24 13:49:05 [INFO] goszakup.service:   Сохранено новых лотов: 1600 (всего обработано: 1600)
2026-02-24 13:49:07 [INFO] goszakup.parser: → Страница 33/200: https://www.goszakup.gov.kz/ru/search/lots?page=33
2026-02-24 13:49:11 [INFO] goszakup.parser:   Найдено лотов: 50
2026-02-24 13:49:13 [INFO] goszakup.parser: → Страница 34/200: https://www.goszakup.gov.kz/ru/search/lots?page=34
2026-02-24 13:49:17 [INFO] goszakup.parser:   Найдено лотов: 50
2026-02-24 13:49:17 [INFO] goszakup.service:   Сохранено новых лотов: 1700 (всего обработано: 1700)
2026-02-24 13:49:19 [INFO] goszakup.parser: → Страница 35/200: https://www.goszakup.gov.kz/ru/search/lots?page=35
2026-02-24 13:49:23 [INFO] goszakup.parser:   Найдено лотов: 50
2026-02-24 13:49:25 [INFO] goszakup.parser: → Страница 36/200: https://www.goszakup.gov.kz/ru/search/lots?page=36
2026-02-24 13:49:29 [INFO] goszakup.parser:   Найдено лотов: 50
2026-02-24 13:49:30 [INFO] goszakup.parser: → Страница 37/200: https://www.goszakup.gov.kz/ru/search/lots?page=37
2026-02-24 13:49:37 [INFO] goszakup.parser:   Найдено лотов: 50
2026-02-24 13:49:39 [INFO] goszakup.parser: → Страница 38/200: https://www.goszakup.gov.kz/ru/search/lots?page=38
2026-02-24 13:49:43 [INFO] goszakup.parser:   Найдено лотов: 50
2026-02-24 13:49:45 [INFO] goszakup.parser: → Страница 39/200: https://www.goszakup.gov.kz/ru/search/lots?page=39
2026-02-24 13:49:52 [INFO] goszakup.parser:   Найдено лотов: 50
2026-02-24 13:49:54 [INFO] goszakup.parser: → Страница 40/200: https://www.goszakup.gov.kz/ru/search/lots?page=40
2026-02-24 13:50:00 [INFO] goszakup.parser:   Найдено лотов: 50
2026-02-24 13:50:02 [INFO] goszakup.parser: → Страница 41/200: https://www.goszakup.gov.kz/ru/search/lots?page=41
2026-02-24 13:50:06 [INFO] goszakup.parser:   Найдено лотов: 50
2026-02-24 13:50:06 [INFO] goszakup.service:   Сохранено новых лотов: 1800 (всего обработано: 2043)
2026-02-24 13:50:08 [INFO] goszakup.parser: → Страница 42/200: https://www.goszakup.gov.kz/ru/search/lots?page=42
2026-02-24 13:50:12 [INFO] goszakup.parser:   Найдено лотов: 50
2026-02-24 13:50:14 [INFO] goszakup.parser: → Страница 43/200: https://www.goszakup.gov.kz/ru/search/lots?page=43
2026-02-24 13:50:20 [INFO] goszakup.parser:   Найдено лотов: 50
2026-02-24 13:50:20 [INFO] goszakup.service:   Сохранено новых лотов: 1900 (всего обработано: 2143)
2026-02-24 13:50:22 [INFO] goszakup.parser: → Страница 44/200: https://www.goszakup.gov.kz/ru/search/lots?page=44
2026-02-24 13:50:29 [INFO] goszakup.parser:   Найдено лотов: 50
2026-02-24 13:50:30 [INFO] goszakup.parser: → Страница 45/200: https://www.goszakup.gov.kz/ru/search/lots?page=45
2026-02-24 13:50:38 [INFO] goszakup.parser:   Найдено лотов: 50
2026-02-24 13:50:38 [INFO] goszakup.service:   Сохранено новых лотов: 2000 (всего обработано: 2243)
2026-02-24 13:50:39 [INFO] goszakup.parser: → Страница 46/200: https://www.goszakup.gov.kz/ru/search/lots?page=46
2026-02-24 13:50:43 [INFO] goszakup.parser:   Найдено лотов: 50
2026-02-24 13:50:45 [INFO] goszakup.parser: → Страница 47/200: https://www.goszakup.gov.kz/ru/search/lots?page=47
2026-02-24 13:50:49 [INFO] goszakup.parser:   Найдено лотов: 50
2026-02-24 13:50:49 [INFO] goszakup.service:   Сохранено новых лотов: 2100 (всего обработано: 2343)
2026-02-24 13:50:51 [INFO] goszakup.parser: → Страница 48/200: https://www.goszakup.gov.kz/ru/search/lots?page=48
2026-02-24 13:50:55 [INFO] goszakup.parser:   Найдено лотов: 50
2026-02-24 13:50:57 [INFO] goszakup.parser: → Страница 49/200: https://www.goszakup.gov.kz/ru/search/lots?page=49
2026-02-24 13:51:01 [INFO] goszakup.parser:   Найдено лотов: 50
2026-02-24 13:51:01 [INFO] goszakup.service:   Сохранено новых лотов: 2200 (всего обработано: 2443)
2026-02-24 13:51:03 [INFO] goszakup.parser: → Страница 50/200: https://www.goszakup.gov.kz/ru/search/lots?page=50
2026-02-24 13:51:07 [INFO] goszakup.parser:   Найдено лотов: 50
2026-02-24 13:51:09 [INFO] goszakup.parser: → Страница 51/200: https://www.goszakup.gov.kz/ru/search/lots?page=51
2026-02-24 13:51:13 [INFO] goszakup.parser:   Найдено лотов: 50
2026-02-24 13:51:13 [INFO] goszakup.service:   Сохранено новых лотов: 2300 (всего обработано: 2543)
2026-02-24 13:51:14 [INFO] goszakup.parser: → Страница 52/200: https://www.goszakup.gov.kz/ru/search/lots?page=52
2026-02-24 13:51:19 [INFO] goszakup.parser:   Найдено лотов: 50
2026-02-24 13:51:20 [INFO] goszakup.parser: → Страница 53/200: https://www.goszakup.gov.kz/ru/search/lots?page=53
2026-02-24 13:51:25 [INFO] goszakup.parser:   Найдено лотов: 50
2026-02-24 13:51:25 [INFO] goszakup.service:   Сохранено новых лотов: 2400 (всего обработано: 2643)
2026-02-24 13:51:26 [INFO] goszakup.parser: → Страница 54/200: https://www.goszakup.gov.kz/ru/search/lots?page=54
2026-02-24 13:51:31 [INFO] goszakup.parser:   Найдено лотов: 50
2026-02-24 13:51:32 [INFO] goszakup.parser: → Страница 55/200: https://www.goszakup.gov.kz/ru/search/lots?page=55
2026-02-24 13:51:37 [INFO] goszakup.parser:   Найдено лотов: 50
2026-02-24 13:51:37 [INFO] goszakup.service:   Сохранено новых лотов: 2500 (всего обработано: 2743)
2026-02-24 13:51:38 [INFO] goszakup.parser: → Страница 56/200: https://www.goszakup.gov.kz/ru/search/lots?page=56
2026-02-24 13:51:45 [INFO] goszakup.parser:   Найдено лотов: 50
2026-02-24 13:51:46 [INFO] goszakup.parser: → Страница 57/200: https://www.goszakup.gov.kz/ru/search/lots?page=57
2026-02-24 13:51:51 [INFO] goszakup.parser:   Найдено лотов: 50
2026-02-24 13:51:51 [INFO] goszakup.service:   Сохранено новых лотов: 2600 (всего обработано: 2843)
2026-02-24 13:51:52 [INFO] goszakup.parser: → Страница 58/200: https://www.goszakup.gov.kz/ru/search/lots?page=58
2026-02-24 13:51:57 [INFO] goszakup.parser:   Найдено лотов: 50
2026-02-24 13:51:58 [INFO] goszakup.parser: → Страница 59/200: https://www.goszakup.gov.kz/ru/search/lots?page=59
2026-02-24 13:52:02 [INFO] goszakup.parser:   Найдено лотов: 50
2026-02-24 13:52:03 [INFO] goszakup.service:   Сохранено новых лотов: 2700 (всего обработано: 2943)
2026-02-24 13:52:04 [INFO] goszakup.parser: → Страница 60/200: https://www.goszakup.gov.kz/ru/search/lots?page=60
2026-02-24 13:52:08 [INFO] goszakup.parser:   Найдено лотов: 50
2026-02-24 13:52:10 [INFO] goszakup.parser: → Страница 61/200: https://www.goszakup.gov.kz/ru/search/lots?page=61
2026-02-24 13:52:14 [INFO] goszakup.parser:   Найдено лотов: 50
2026-02-24 13:52:14 [INFO] goszakup.service:   Сохранено новых лотов: 2800 (всего обработано: 3043)
2026-02-24 13:52:16 [INFO] goszakup.parser: → Страница 62/200: https://www.goszakup.gov.kz/ru/search/lots?page=62
2026-02-24 13:52:20 [INFO] goszakup.parser:   Найдено лотов: 50
2026-02-24 13:52:22 [INFO] goszakup.parser: → Страница 63/200: https://www.goszakup.gov.kz/ru/search/lots?page=63
2026-02-24 13:52:26 [INFO] goszakup.parser:   Найдено лотов: 50
2026-02-24 13:52:26 [INFO] goszakup.service:   Сохранено новых лотов: 2900 (всего обработано: 3143)
2026-02-24 13:52:28 [INFO] goszakup.parser: → Страница 64/200: https://www.goszakup.gov.kz/ru/search/lots?page=64
2026-02-24 13:52:32 [INFO] goszakup.parser:   Найдено лотов: 50
2026-02-24 13:52:34 [INFO] goszakup.parser: → Страница 65/200: https://www.goszakup.gov.kz/ru/search/lots?page=65
2026-02-24 13:52:38 [INFO] goszakup.parser:   Найдено лотов: 50
2026-02-24 13:52:38 [INFO] goszakup.service:   Сохранено новых лотов: 3000 (всего обработано: 3243)
2026-02-24 13:52:39 [INFO] goszakup.parser: → Страница 66/200: https://www.goszakup.gov.kz/ru/search/lots?page=66
2026-02-24 13:52:44 [INFO] goszakup.parser:   Найдено лотов: 50
2026-02-24 13:52:45 [INFO] goszakup.parser: → Страница 67/200: https://www.goszakup.gov.kz/ru/search/lots?page=67
2026-02-24 13:52:50 [INFO] goszakup.parser:   Найдено лотов: 50
2026-02-24 13:52:50 [INFO] goszakup.service:   Сохранено новых лотов: 3100 (всего обработано: 3343)
2026-02-24 13:52:51 [INFO] goszakup.parser: → Страница 68/200: https://www.goszakup.gov.kz/ru/search/lots?page=68
2026-02-24 13:52:58 [INFO] goszakup.parser:   Найдено лотов: 50
2026-02-24 13:53:00 [INFO] goszakup.parser: → Страница 69/200: https://www.goszakup.gov.kz/ru/search/lots?page=69
2026-02-24 13:53:06 [INFO] goszakup.parser:   Найдено лотов: 50
2026-02-24 13:53:06 [INFO] goszakup.service:   Сохранено новых лотов: 3200 (всего обработано: 3443)
2026-02-24 13:53:08 [INFO] goszakup.parser: → Страница 70/200: https://www.goszakup.gov.kz/ru/search/lots?page=70
2026-02-24 13:53:12 [INFO] goszakup.parser:   Найдено лотов: 50
2026-02-24 13:53:13 [INFO] goszakup.parser: → Страница 71/200: https://www.goszakup.gov.kz/ru/search/lots?page=71
2026-02-24 13:53:18 [INFO] goszakup.parser:   Найдено лотов: 50
2026-02-24 13:53:18 [INFO] goszakup.service:   Сохранено новых лотов: 3300 (всего обработано: 3543)
2026-02-24 13:53:19 [INFO] goszakup.parser: → Страница 72/200: https://www.goszakup.gov.kz/ru/search/lots?page=72
2026-02-24 13:53:24 [INFO] goszakup.parser:   Найдено лотов: 50
2026-02-24 13:53:25 [INFO] goszakup.parser: → Страница 73/200: https://www.goszakup.gov.kz/ru/search/lots?page=73
2026-02-24 13:53:30 [INFO] goszakup.parser:   Найдено лотов: 50
2026-02-24 13:53:30 [INFO] goszakup.service:   Сохранено новых лотов: 3400 (всего обработано: 3643)
2026-02-24 13:53:31 [INFO] goszakup.parser: → Страница 74/200: https://www.goszakup.gov.kz/ru/search/lots?page=74
2026-02-24 13:53:36 [INFO] goszakup.parser:   Найдено лотов: 50
2026-02-24 13:53:37 [INFO] goszakup.parser: → Страница 75/200: https://www.goszakup.gov.kz/ru/search/lots?page=75
2026-02-24 13:53:41 [INFO] goszakup.parser:   Найдено лотов: 50
2026-02-24 13:53:42 [INFO] goszakup.service:   Сохранено новых лотов: 3500 (всего обработано: 3743)
2026-02-24 13:53:43 [INFO] goszakup.parser: → Страница 76/200: https://www.goszakup.gov.kz/ru/search/lots?page=76
2026-02-24 13:53:47 [INFO] goszakup.parser:   Найдено лотов: 50
2026-02-24 13:53:49 [INFO] goszakup.parser: → Страница 77/200: https://www.goszakup.gov.kz/ru/search/lots?page=77
2026-02-24 13:53:53 [INFO] goszakup.parser:   Найдено лотов: 50
2026-02-24 13:53:53 [INFO] goszakup.service:   Сохранено новых лотов: 3600 (всего обработано: 3843)
2026-02-24 13:53:55 [INFO] goszakup.parser: → Страница 78/200: https://www.goszakup.gov.kz/ru/search/lots?page=78
2026-02-24 13:53:59 [INFO] goszakup.parser:   Найдено лотов: 50
2026-02-24 13:54:01 [INFO] goszakup.parser: → Страница 79/200: https://www.goszakup.gov.kz/ru/search/lots?page=79
2026-02-24 13:54:05 [INFO] goszakup.parser:   Найдено лотов: 50
2026-02-24 13:54:05 [INFO] goszakup.service:   Сохранено новых лотов: 3700 (всего обработано: 3943)
2026-02-24 13:54:07 [INFO] goszakup.parser: → Страница 80/200: https://www.goszakup.gov.kz/ru/search/lots?page=80
2026-02-24 13:54:13 [INFO] goszakup.parser:   Найдено лотов: 50
2026-02-24 13:54:15 [INFO] goszakup.parser: → Страница 81/200: https://www.goszakup.gov.kz/ru/search/lots?page=81
2026-02-24 13:54:22 [INFO] goszakup.parser:   Найдено лотов: 50
2026-02-24 13:54:22 [INFO] goszakup.service:   Сохранено новых лотов: 3800 (всего обработано: 4043)
2026-02-24 13:54:23 [INFO] goszakup.parser: → Страница 82/200: https://www.goszakup.gov.kz/ru/search/lots?page=82
2026-02-24 13:54:28 [INFO] goszakup.parser:   Найдено лотов: 50
2026-02-24 13:54:29 [INFO] goszakup.parser: → Страница 83/200: https://www.goszakup.gov.kz/ru/search/lots?page=83
2026-02-24 13:54:34 [INFO] goszakup.parser:   Найдено лотов: 50
2026-02-24 13:54:34 [INFO] goszakup.service:   Сохранено новых лотов: 3900 (всего обработано: 4143)
2026-02-24 13:54:35 [INFO] goszakup.parser: → Страница 84/200: https://www.goszakup.gov.kz/ru/search/lots?page=84
2026-02-24 13:54:39 [INFO] goszakup.parser:   Найдено лотов: 50
2026-02-24 13:54:41 [INFO] goszakup.parser: → Страница 85/200: https://www.goszakup.gov.kz/ru/search/lots?page=85
2026-02-24 13:54:45 [INFO] goszakup.parser:   Найдено лотов: 50
2026-02-24 13:54:45 [INFO] goszakup.service:   Сохранено новых лотов: 4000 (всего обработано: 4243)
2026-02-24 13:54:47 [INFO] goszakup.parser: → Страница 86/200: https://www.goszakup.gov.kz/ru/search/lots?page=86
2026-02-24 13:54:51 [INFO] goszakup.parser:   Найдено лотов: 50
2026-02-24 13:54:53 [INFO] goszakup.parser: → Страница 87/200: https://www.goszakup.gov.kz/ru/search/lots?page=87
2026-02-24 13:54:57 [INFO] goszakup.parser:   Найдено лотов: 50
2026-02-24 13:54:57 [INFO] goszakup.service:   Сохранено новых лотов: 4100 (всего обработано: 4343)
2026-02-24 13:54:59 [INFO] goszakup.parser: → Страница 88/200: https://www.goszakup.gov.kz/ru/search/lots?page=88
2026-02-24 13:55:03 [INFO] goszakup.parser:   Найдено лотов: 50
2026-02-24 13:55:05 [INFO] goszakup.parser: → Страница 89/200: https://www.goszakup.gov.kz/ru/search/lots?page=89
2026-02-24 13:55:09 [INFO] goszakup.parser:   Найдено лотов: 50
2026-02-24 13:55:09 [INFO] goszakup.service:   Сохранено новых лотов: 4200 (всего обработано: 4443)
2026-02-24 13:55:11 [INFO] goszakup.parser: → Страница 90/200: https://www.goszakup.gov.kz/ru/search/lots?page=90
2026-02-24 13:55:17 [INFO] goszakup.parser:   Найдено лотов: 50
2026-02-24 13:55:19 [INFO] goszakup.parser: → Страница 91/200: https://www.goszakup.gov.kz/ru/search/lots?page=91
2026-02-24 13:55:23 [INFO] goszakup.parser:   Найдено лотов: 50
2026-02-24 13:55:23 [INFO] goszakup.service:   Сохранено новых лотов: 4300 (всего обработано: 4543)
2026-02-24 13:55:24 [INFO] goszakup.parser: → Страница 92/200: https://www.goszakup.gov.kz/ru/search/lots?page=92
2026-02-24 13:55:29 [INFO] goszakup.parser:   Найдено лотов: 50
2026-02-24 13:55:30 [INFO] goszakup.parser: → Страница 93/200: https://www.goszakup.gov.kz/ru/search/lots?page=93
2026-02-24 13:55:38 [INFO] goszakup.parser:   Найдено лотов: 50
2026-02-24 13:55:38 [INFO] goszakup.service:   Сохранено новых лотов: 4400 (всего обработано: 4643)
2026-02-24 13:55:39 [INFO] goszakup.parser: → Страница 94/200: https://www.goszakup.gov.kz/ru/search/lots?page=94
2026-02-24 13:55:46 [INFO] goszakup.parser:   Найдено лотов: 50
2026-02-24 13:55:47 [INFO] goszakup.parser: → Страница 95/200: https://www.goszakup.gov.kz/ru/search/lots?page=95
2026-02-24 13:55:51 [INFO] goszakup.parser:   Найдено лотов: 50
2026-02-24 13:55:52 [INFO] goszakup.service:   Сохранено новых лотов: 4500 (всего обработано: 4743)
2026-02-24 13:55:53 [INFO] goszakup.parser: → Страница 96/200: https://www.goszakup.gov.kz/ru/search/lots?page=96
2026-02-24 13:55:59 [INFO] goszakup.parser:   Найдено лотов: 50
2026-02-24 13:56:01 [INFO] goszakup.parser: → Страница 97/200: https://www.goszakup.gov.kz/ru/search/lots?page=97
2026-02-24 13:56:08 [INFO] goszakup.parser:   Найдено лотов: 50
2026-02-24 13:56:08 [INFO] goszakup.service:   Сохранено новых лотов: 4600 (всего обработано: 4843)
2026-02-24 13:56:10 [INFO] goszakup.parser: → Страница 98/200: https://www.goszakup.gov.kz/ru/search/lots?page=98
2026-02-24 13:56:14 [INFO] goszakup.parser:   Найдено лотов: 50
2026-02-24 13:56:16 [INFO] goszakup.parser: → Страница 99/200: https://www.goszakup.gov.kz/ru/search/lots?page=99
2026-02-24 13:56:20 [INFO] goszakup.parser:   Найдено лотов: 50
2026-02-24 13:56:20 [INFO] goszakup.service:   Сохранено новых лотов: 4700 (всего обработано: 4943)
2026-02-24 13:56:22 [INFO] goszakup.parser: → Страница 100/200: https://www.goszakup.gov.kz/ru/search/lots?page=100
2026-02-24 13:56:26 [INFO] goszakup.parser:   Найдено лотов: 50
2026-02-24 13:56:27 [INFO] goszakup.parser: → Страница 101/200: https://www.goszakup.gov.kz/ru/search/lots?page=101
2026-02-24 13:56:32 [INFO] goszakup.parser:   Найдено лотов: 50
2026-02-24 13:56:32 [INFO] goszakup.service:   Сохранено новых лотов: 4800 (всего обработано: 5043)
2026-02-24 13:56:33 [INFO] goszakup.parser: → Страница 102/200: https://www.goszakup.gov.kz/ru/search/lots?page=102
2026-02-24 13:56:38 [INFO] goszakup.parser:   Найдено лотов: 50
2026-02-24 13:56:39 [INFO] goszakup.parser: → Страница 103/200: https://www.goszakup.gov.kz/ru/search/lots?page=103
2026-02-24 13:56:43 [INFO] goszakup.parser:   Найдено лотов: 50
2026-02-24 13:56:44 [INFO] goszakup.service:   Сохранено новых лотов: 4900 (всего обработано: 5143)
2026-02-24 13:56:45 [INFO] goszakup.parser: → Страница 104/200: https://www.goszakup.gov.kz/ru/search/lots?page=104
2026-02-24 13:56:49 [INFO] goszakup.parser:   Найдено лотов: 50
2026-02-24 13:56:51 [INFO] goszakup.parser: → Страница 105/200: https://www.goszakup.gov.kz/ru/search/lots?page=105
2026-02-24 13:56:55 [INFO] goszakup.parser:   Найдено лотов: 50
2026-02-24 13:56:55 [INFO] goszakup.service:   Сохранено новых лотов: 5000 (всего обработано: 5243)
2026-02-24 13:56:57 [INFO] goszakup.parser: → Страница 106/200: https://www.goszakup.gov.kz/ru/search/lots?page=106
2026-02-24 13:57:01 [INFO] goszakup.parser:   Найдено лотов: 50
2026-02-24 13:57:03 [INFO] goszakup.parser: → Страница 107/200: https://www.goszakup.gov.kz/ru/search/lots?page=107
2026-02-24 13:57:07 [INFO] goszakup.parser:   Найдено лотов: 50
2026-02-24 13:57:07 [INFO] goszakup.service:   Сохранено новых лотов: 5100 (всего обработано: 5343)
2026-02-24 13:57:09 [INFO] goszakup.parser: → Страница 108/200: https://www.goszakup.gov.kz/ru/search/lots?page=108
2026-02-24 13:57:13 [INFO] goszakup.parser:   Найдено лотов: 50
2026-02-24 13:57:15 [INFO] goszakup.parser: → Страница 109/200: https://www.goszakup.gov.kz/ru/search/lots?page=109
2026-02-24 13:57:19 [INFO] goszakup.parser:   Найдено лотов: 50
2026-02-24 13:57:19 [INFO] goszakup.service:   Сохранено новых лотов: 5200 (всего обработано: 5443)
2026-02-24 13:57:21 [INFO] goszakup.parser: → Страница 110/200: https://www.goszakup.gov.kz/ru/search/lots?page=110
2026-02-24 13:57:25 [INFO] goszakup.parser:   Найдено лотов: 50
2026-02-24 13:57:26 [INFO] goszakup.parser: → Страница 111/200: https://www.goszakup.gov.kz/ru/search/lots?page=111
2026-02-24 13:57:31 [INFO] goszakup.parser:   Найдено лотов: 50
2026-02-24 13:57:31 [INFO] goszakup.service:   Сохранено новых лотов: 5300 (всего обработано: 5543)
2026-02-24 13:57:32 [INFO] goszakup.parser: → Страница 112/200: https://www.goszakup.gov.kz/ru/search/lots?page=112
2026-02-24 13:57:37 [INFO] goszakup.parser:   Найдено лотов: 50
2026-02-24 13:57:38 [INFO] goszakup.parser: → Страница 113/200: https://www.goszakup.gov.kz/ru/search/lots?page=113
2026-02-24 13:57:43 [INFO] goszakup.parser:   Найдено лотов: 50
2026-02-24 13:57:43 [INFO] goszakup.service:   Сохранено новых лотов: 5400 (всего обработано: 5643)
2026-02-24 13:57:44 [INFO] goszakup.parser: → Страница 114/200: https://www.goszakup.gov.kz/ru/search/lots?page=114
2026-02-24 13:57:48 [INFO] goszakup.parser:   Найдено лотов: 50
2026-02-24 13:57:50 [INFO] goszakup.parser: → Страница 115/200: https://www.goszakup.gov.kz/ru/search/lots?page=115
2026-02-24 13:57:54 [INFO] goszakup.parser:   Найдено лотов: 50
2026-02-24 13:57:54 [INFO] goszakup.service:   Сохранено новых лотов: 5500 (всего обработано: 5743)
2026-02-24 13:57:56 [INFO] goszakup.parser: → Страница 116/200: https://www.goszakup.gov.kz/ru/search/lots?page=116
2026-02-24 13:58:00 [INFO] goszakup.parser:   Найдено лотов: 50
2026-02-24 13:58:02 [INFO] goszakup.parser: → Страница 117/200: https://www.goszakup.gov.kz/ru/search/lots?page=117
2026-02-24 13:58:06 [INFO] goszakup.parser:   Найдено лотов: 50
2026-02-24 13:58:06 [INFO] goszakup.service:   Сохранено новых лотов: 5600 (всего обработано: 5843)
2026-02-24 13:58:08 [INFO] goszakup.parser: → Страница 118/200: https://www.goszakup.gov.kz/ru/search/lots?page=118
2026-02-24 13:58:12 [INFO] goszakup.parser:   Найдено лотов: 50
2026-02-24 13:58:14 [INFO] goszakup.parser: → Страница 119/200: https://www.goszakup.gov.kz/ru/search/lots?page=119
2026-02-24 13:58:18 [INFO] goszakup.parser:   Найдено лотов: 50
2026-02-24 13:58:18 [INFO] goszakup.service:   Сохранено новых лотов: 5700 (всего обработано: 5943)
2026-02-24 13:58:20 [INFO] goszakup.parser: → Страница 120/200: https://www.goszakup.gov.kz/ru/search/lots?page=120
2026-02-24 13:58:24 [INFO] goszakup.parser:   Найдено лотов: 50
2026-02-24 13:58:25 [INFO] goszakup.parser: → Страница 121/200: https://www.goszakup.gov.kz/ru/search/lots?page=121
2026-02-24 13:58:32 [INFO] goszakup.parser:   Найдено лотов: 50
2026-02-24 13:58:34 [INFO] goszakup.parser: → Страница 122/200: https://www.goszakup.gov.kz/ru/search/lots?page=122
2026-02-24 13:58:41 [INFO] goszakup.parser:   Найдено лотов: 50
2026-02-24 13:58:42 [INFO] goszakup.parser: → Страница 123/200: https://www.goszakup.gov.kz/ru/search/lots?page=123
2026-02-24 13:58:46 [INFO] goszakup.parser:   Найдено лотов: 50
2026-02-24 13:58:48 [INFO] goszakup.parser: → Страница 124/200: https://www.goszakup.gov.kz/ru/search/lots?page=124
2026-02-24 13:58:52 [INFO] goszakup.parser:   Найдено лотов: 50
2026-02-24 13:58:52 [INFO] goszakup.service:   Сохранено новых лотов: 5800 (всего обработано: 6161)
2026-02-24 13:58:54 [INFO] goszakup.parser: → Страница 125/200: https://www.goszakup.gov.kz/ru/search/lots?page=125
2026-02-24 13:58:58 [INFO] goszakup.parser:   Найдено лотов: 50
2026-02-24 13:59:00 [INFO] goszakup.parser: → Страница 126/200: https://www.goszakup.gov.kz/ru/search/lots?page=126
2026-02-24 13:59:04 [INFO] goszakup.parser:   Найдено лотов: 50
2026-02-24 13:59:04 [INFO] goszakup.service:   Сохранено новых лотов: 5900 (всего обработано: 6261)
2026-02-24 13:59:06 [INFO] goszakup.parser: → Страница 127/200: https://www.goszakup.gov.kz/ru/search/lots?page=127
2026-02-24 13:59:10 [INFO] goszakup.parser:   Найдено лотов: 50
2026-02-24 13:59:12 [INFO] goszakup.parser: → Страница 128/200: https://www.goszakup.gov.kz/ru/search/lots?page=128
2026-02-24 13:59:16 [INFO] goszakup.parser:   Найдено лотов: 50
2026-02-24 13:59:16 [INFO] goszakup.service:   Сохранено новых лотов: 6000 (всего обработано: 6361)
2026-02-24 13:59:17 [INFO] goszakup.parser: → Страница 129/200: https://www.goszakup.gov.kz/ru/search/lots?page=129
2026-02-24 13:59:22 [INFO] goszakup.parser:   Найдено лотов: 50
2026-02-24 13:59:23 [INFO] goszakup.parser: → Страница 130/200: https://www.goszakup.gov.kz/ru/search/lots?page=130
2026-02-24 13:59:28 [INFO] goszakup.parser:   Найдено лотов: 50
2026-02-24 13:59:28 [INFO] goszakup.service:   Сохранено новых лотов: 6100 (всего обработано: 6461)
2026-02-24 13:59:29 [INFO] goszakup.parser: → Страница 131/200: https://www.goszakup.gov.kz/ru/search/lots?page=131
2026-02-24 13:59:34 [INFO] goszakup.parser:   Найдено лотов: 50
2026-02-24 13:59:35 [INFO] goszakup.parser: → Страница 132/200: https://www.goszakup.gov.kz/ru/search/lots?page=132
2026-02-24 13:59:39 [INFO] goszakup.parser:   Найдено лотов: 50
2026-02-24 13:59:39 [INFO] goszakup.service:   Сохранено новых лотов: 6200 (всего обработано: 6561)
2026-02-24 13:59:41 [INFO] goszakup.parser: → Страница 133/200: https://www.goszakup.gov.kz/ru/search/lots?page=133
2026-02-24 13:59:45 [INFO] goszakup.parser:   Найдено лотов: 50
2026-02-24 13:59:47 [INFO] goszakup.parser: → Страница 134/200: https://www.goszakup.gov.kz/ru/search/lots?page=134
2026-02-24 13:59:51 [INFO] goszakup.parser:   Найдено лотов: 50
2026-02-24 13:59:51 [INFO] goszakup.service:   Сохранено новых лотов: 6300 (всего обработано: 6661)
2026-02-24 13:59:53 [INFO] goszakup.parser: → Страница 135/200: https://www.goszakup.gov.kz/ru/search/lots?page=135
2026-02-24 13:59:57 [INFO] goszakup.parser:   Найдено лотов: 50
2026-02-24 13:59:59 [INFO] goszakup.parser: → Страница 136/200: https://www.goszakup.gov.kz/ru/search/lots?page=136
2026-02-24 14:00:05 [INFO] goszakup.parser:   Найдено лотов: 50
2026-02-24 14:00:05 [INFO] goszakup.service:   Сохранено новых лотов: 6400 (всего обработано: 6761)
2026-02-24 14:00:07 [INFO] goszakup.parser: → Страница 137/200: https://www.goszakup.gov.kz/ru/search/lots?page=137
2026-02-24 14:00:14 [INFO] goszakup.parser:   Найдено лотов: 50
2026-02-24 14:00:15 [INFO] goszakup.parser: → Страница 138/200: https://www.goszakup.gov.kz/ru/search/lots?page=138
2026-02-24 14:00:22 [INFO] goszakup.parser:   Найдено лотов: 50
2026-02-24 14:00:22 [INFO] goszakup.service:   Сохранено новых лотов: 6500 (всего обработано: 6861)
2026-02-24 14:00:23 [INFO] goszakup.parser: → Страница 139/200: https://www.goszakup.gov.kz/ru/search/lots?page=139
2026-02-24 14:00:30 [INFO] goszakup.parser:   Найдено лотов: 50
2026-02-24 14:00:32 [INFO] goszakup.parser: → Страница 140/200: https://www.goszakup.gov.kz/ru/search/lots?page=140
2026-02-24 14:00:39 [INFO] goszakup.parser:   Найдено лотов: 50
2026-02-24 14:00:39 [INFO] goszakup.service:   Сохранено новых лотов: 6600 (всего обработано: 6961)
2026-02-24 14:00:41 [INFO] goszakup.parser: → Страница 141/200: https://www.goszakup.gov.kz/ru/search/lots?page=141
2026-02-24 14:00:48 [INFO] goszakup.parser:   Найдено лотов: 50
2026-02-24 14:00:50 [INFO] goszakup.parser: → Страница 142/200: https://www.goszakup.gov.kz/ru/search/lots?page=142
2026-02-24 14:00:56 [INFO] goszakup.parser:   Найдено лотов: 50
2026-02-24 14:00:56 [INFO] goszakup.service:   Сохранено новых лотов: 6700 (всего обработано: 7061)
2026-02-24 14:00:58 [INFO] goszakup.parser: → Страница 143/200: https://www.goszakup.gov.kz/ru/search/lots?page=143
2026-02-24 14:01:04 [INFO] goszakup.parser:   Найдено лотов: 50
2026-02-24 14:01:06 [INFO] goszakup.parser: → Страница 144/200: https://www.goszakup.gov.kz/ru/search/lots?page=144
2026-02-24 14:01:13 [INFO] goszakup.parser:   Найдено лотов: 50
2026-02-24 14:01:13 [INFO] goszakup.service:   Сохранено новых лотов: 6800 (всего обработано: 7161)
2026-02-24 14:01:14 [INFO] goszakup.parser: → Страница 145/200: https://www.goszakup.gov.kz/ru/search/lots?page=145
2026-02-24 14:01:21 [INFO] goszakup.parser:   Найдено лотов: 50
2026-02-24 14:01:23 [INFO] goszakup.parser: → Страница 146/200: https://www.goszakup.gov.kz/ru/search/lots?page=146
2026-02-24 14:01:27 [INFO] goszakup.parser:   Найдено лотов: 50
2026-02-24 14:01:27 [INFO] goszakup.service:   Сохранено новых лотов: 6900 (всего обработано: 7261)
2026-02-24 14:01:29 [INFO] goszakup.parser: → Страница 147/200: https://www.goszakup.gov.kz/ru/search/lots?page=147
2026-02-24 14:01:33 [INFO] goszakup.parser:   Найдено лотов: 50
2026-02-24 14:01:35 [INFO] goszakup.parser: → Страница 148/200: https://www.goszakup.gov.kz/ru/search/lots?page=148
2026-02-24 14:01:39 [INFO] goszakup.parser:   Найдено лотов: 50
2026-02-24 14:01:39 [INFO] goszakup.service:   Сохранено новых лотов: 7000 (всего обработано: 7361)
2026-02-24 14:01:41 [INFO] goszakup.parser: → Страница 149/200: https://www.goszakup.gov.kz/ru/search/lots?page=149
2026-02-24 14:01:45 [INFO] goszakup.parser:   Найдено лотов: 50
2026-02-24 14:01:47 [INFO] goszakup.parser: → Страница 150/200: https://www.goszakup.gov.kz/ru/search/lots?page=150
2026-02-24 14:01:51 [INFO] goszakup.parser:   Найдено лотов: 50
2026-02-24 14:01:51 [INFO] goszakup.service:   Сохранено новых лотов: 7100 (всего обработано: 7461)
2026-02-24 14:01:52 [INFO] goszakup.parser: → Страница 151/200: https://www.goszakup.gov.kz/ru/search/lots?page=151
2026-02-24 14:01:57 [INFO] goszakup.parser:   Найдено лотов: 50
2026-02-24 14:01:58 [INFO] goszakup.parser: → Страница 152/200: https://www.goszakup.gov.kz/ru/search/lots?page=152
2026-02-24 14:02:03 [INFO] goszakup.parser:   Найдено лотов: 50
2026-02-24 14:02:03 [INFO] goszakup.service:   Сохранено новых лотов: 7200 (всего обработано: 7561)
2026-02-24 14:02:04 [INFO] goszakup.parser: → Страница 153/200: https://www.goszakup.gov.kz/ru/search/lots?page=153
2026-02-24 14:02:09 [INFO] goszakup.parser:   Найдено лотов: 50
2026-02-24 14:02:10 [INFO] goszakup.parser: → Страница 154/200: https://www.goszakup.gov.kz/ru/search/lots?page=154
2026-02-24 14:02:14 [INFO] goszakup.parser:   Найдено лотов: 50
2026-02-24 14:02:14 [INFO] goszakup.service:   Сохранено новых лотов: 7300 (всего обработано: 7661)
2026-02-24 14:02:16 [INFO] goszakup.parser: → Страница 155/200: https://www.goszakup.gov.kz/ru/search/lots?page=155
2026-02-24 14:02:20 [INFO] goszakup.parser:   Найдено лотов: 50
2026-02-24 14:02:22 [INFO] goszakup.parser: → Страница 156/200: https://www.goszakup.gov.kz/ru/search/lots?page=156
2026-02-24 14:02:28 [INFO] goszakup.parser:   Найдено лотов: 50
2026-02-24 14:02:28 [INFO] goszakup.service:   Сохранено новых лотов: 7400 (всего обработано: 7761)
2026-02-24 14:02:30 [INFO] goszakup.parser: → Страница 157/200: https://www.goszakup.gov.kz/ru/search/lots?page=157
2026-02-24 14:02:34 [INFO] goszakup.parser:   Найдено лотов: 50
2026-02-24 14:02:36 [INFO] goszakup.parser: → Страница 158/200: https://www.goszakup.gov.kz/ru/search/lots?page=158
2026-02-24 14:02:40 [INFO] goszakup.parser:   Найдено лотов: 50
2026-02-24 14:02:40 [INFO] goszakup.service:   Сохранено новых лотов: 7500 (всего обработано: 7861)
2026-02-24 14:02:42 [INFO] goszakup.parser: → Страница 159/200: https://www.goszakup.gov.kz/ru/search/lots?page=159
2026-02-24 14:02:46 [INFO] goszakup.parser:   Найдено лотов: 50
2026-02-24 14:02:48 [INFO] goszakup.parser: → Страница 160/200: https://www.goszakup.gov.kz/ru/search/lots?page=160
2026-02-24 14:02:52 [INFO] goszakup.parser:   Найдено лотов: 50
2026-02-24 14:02:52 [INFO] goszakup.service:   Сохранено новых лотов: 7600 (всего обработано: 7961)
2026-02-24 14:02:54 [INFO] goszakup.parser: → Страница 161/200: https://www.goszakup.gov.kz/ru/search/lots?page=161
2026-02-24 14:02:58 [INFO] goszakup.parser:   Найдено лотов: 50
2026-02-24 14:02:59 [INFO] goszakup.parser: → Страница 162/200: https://www.goszakup.gov.kz/ru/search/lots?page=162
2026-02-24 14:03:04 [INFO] goszakup.parser:   Найдено лотов: 50
2026-02-24 14:03:04 [INFO] goszakup.service:   Сохранено новых лотов: 7700 (всего обработано: 8061)
2026-02-24 14:03:05 [INFO] goszakup.parser: → Страница 163/200: https://www.goszakup.gov.kz/ru/search/lots?page=163
2026-02-24 14:03:10 [INFO] goszakup.parser:   Найдено лотов: 50
2026-02-24 14:03:11 [INFO] goszakup.parser: → Страница 164/200: https://www.goszakup.gov.kz/ru/search/lots?page=164
2026-02-24 14:03:16 [INFO] goszakup.parser:   Найдено лотов: 50
2026-02-24 14:03:16 [INFO] goszakup.service:   Сохранено новых лотов: 7800 (всего обработано: 8161)
2026-02-24 14:03:17 [INFO] goszakup.parser: → Страница 165/200: https://www.goszakup.gov.kz/ru/search/lots?page=165
2026-02-24 14:03:22 [INFO] goszakup.parser:   Найдено лотов: 50
2026-02-24 14:03:23 [INFO] goszakup.parser: → Страница 166/200: https://www.goszakup.gov.kz/ru/search/lots?page=166
2026-02-24 14:03:27 [INFO] goszakup.parser:   Найдено лотов: 50
2026-02-24 14:03:28 [INFO] goszakup.service:   Сохранено новых лотов: 7900 (всего обработано: 8261)
2026-02-24 14:03:29 [INFO] goszakup.parser: → Страница 167/200: https://www.goszakup.gov.kz/ru/search/lots?page=167
2026-02-24 14:03:33 [INFO] goszakup.parser:   Найдено лотов: 50
2026-02-24 14:03:35 [INFO] goszakup.parser: → Страница 168/200: https://www.goszakup.gov.kz/ru/search/lots?page=168
2026-02-24 14:03:39 [INFO] goszakup.parser:   Найдено лотов: 50
2026-02-24 14:03:39 [INFO] goszakup.service:   Сохранено новых лотов: 8000 (всего обработано: 8361)
2026-02-24 14:03:41 [INFO] goszakup.parser: → Страница 169/200: https://www.goszakup.gov.kz/ru/search/lots?page=169
2026-02-24 14:03:45 [INFO] goszakup.parser:   Найдено лотов: 50
2026-02-24 14:03:47 [INFO] goszakup.parser: → Страница 170/200: https://www.goszakup.gov.kz/ru/search/lots?page=170
2026-02-24 14:03:51 [INFO] goszakup.parser:   Найдено лотов: 50
2026-02-24 14:03:51 [INFO] goszakup.service:   Сохранено новых лотов: 8100 (всего обработано: 8461)
2026-02-24 14:03:53 [INFO] goszakup.parser: → Страница 171/200: https://www.goszakup.gov.kz/ru/search/lots?page=171
2026-02-24 14:03:57 [INFO] goszakup.parser:   Найдено лотов: 50
2026-02-24 14:03:59 [INFO] goszakup.parser: → Страница 172/200: https://www.goszakup.gov.kz/ru/search/lots?page=172
2026-02-24 14:04:03 [INFO] goszakup.parser:   Найдено лотов: 50
2026-02-24 14:04:03 [INFO] goszakup.service:   Сохранено новых лотов: 8200 (всего обработано: 8561)
2026-02-24 14:04:05 [INFO] goszakup.parser: → Страница 173/200: https://www.goszakup.gov.kz/ru/search/lots?page=173
2026-02-24 14:04:09 [INFO] goszakup.parser:   Найдено лотов: 50
2026-02-24 14:04:11 [INFO] goszakup.parser: → Страница 174/200: https://www.goszakup.gov.kz/ru/search/lots?page=174
2026-02-24 14:04:15 [INFO] goszakup.parser:   Найдено лотов: 50
2026-02-24 14:04:15 [INFO] goszakup.service:   Сохранено новых лотов: 8300 (всего обработано: 8661)
2026-02-24 14:04:16 [INFO] goszakup.parser: → Страница 175/200: https://www.goszakup.gov.kz/ru/search/lots?page=175
2026-02-24 14:04:21 [INFO] goszakup.parser:   Найдено лотов: 50
2026-02-24 14:04:23 [INFO] goszakup.parser: → Страница 176/200: https://www.goszakup.gov.kz/ru/search/lots?page=176
2026-02-24 14:04:27 [INFO] goszakup.parser:   Найдено лотов: 50
2026-02-24 14:04:27 [INFO] goszakup.service:   Сохранено новых лотов: 8400 (всего обработано: 8761)
2026-02-24 14:04:28 [INFO] goszakup.parser: → Страница 177/200: https://www.goszakup.gov.kz/ru/search/lots?page=177
2026-02-24 14:04:33 [INFO] goszakup.parser:   Найдено лотов: 50
2026-02-24 14:04:34 [INFO] goszakup.parser: → Страница 178/200: https://www.goszakup.gov.kz/ru/search/lots?page=178
2026-02-24 14:04:39 [INFO] goszakup.parser:   Найдено лотов: 50
2026-02-24 14:04:39 [INFO] goszakup.service:   Сохранено новых лотов: 8500 (всего обработано: 8861)
2026-02-24 14:04:40 [INFO] goszakup.parser: → Страница 179/200: https://www.goszakup.gov.kz/ru/search/lots?page=179
2026-02-24 14:04:45 [INFO] goszakup.parser:   Найдено лотов: 50
2026-02-24 14:04:46 [INFO] goszakup.parser: → Страница 180/200: https://www.goszakup.gov.kz/ru/search/lots?page=180
2026-02-24 14:04:50 [INFO] goszakup.parser:   Найдено лотов: 50
2026-02-24 14:04:50 [INFO] goszakup.service:   Сохранено новых лотов: 8600 (всего обработано: 8961)
2026-02-24 14:04:52 [INFO] goszakup.parser: → Страница 181/200: https://www.goszakup.gov.kz/ru/search/lots?page=181
2026-02-24 14:04:56 [INFO] goszakup.parser:   Найдено лотов: 50
2026-02-24 14:04:58 [INFO] goszakup.parser: → Страница 182/200: https://www.goszakup.gov.kz/ru/search/lots?page=182
2026-02-24 14:05:02 [INFO] goszakup.parser:   Найдено лотов: 50
2026-02-24 14:05:02 [INFO] goszakup.service:   Сохранено новых лотов: 8700 (всего обработано: 9061)
2026-02-24 14:05:04 [INFO] goszakup.parser: → Страница 183/200: https://www.goszakup.gov.kz/ru/search/lots?page=183
2026-02-24 14:05:08 [INFO] goszakup.parser:   Найдено лотов: 50
2026-02-24 14:05:10 [INFO] goszakup.parser: → Страница 184/200: https://www.goszakup.gov.kz/ru/search/lots?page=184
2026-02-24 14:05:14 [INFO] goszakup.parser:   Найдено лотов: 50
2026-02-24 14:05:14 [INFO] goszakup.service:   Сохранено новых лотов: 8800 (всего обработано: 9161)
2026-02-24 14:05:16 [INFO] goszakup.parser: → Страница 185/200: https://www.goszakup.gov.kz/ru/search/lots?page=185
2026-02-24 14:05:22 [INFO] goszakup.parser:   Найдено лотов: 50
2026-02-24 14:05:24 [INFO] goszakup.parser: → Страница 186/200: https://www.goszakup.gov.kz/ru/search/lots?page=186
2026-02-24 14:05:28 [INFO] goszakup.parser:   Найдено лотов: 50
2026-02-24 14:05:28 [INFO] goszakup.service:   Сохранено новых лотов: 8900 (всего обработано: 9261)
2026-02-24 14:05:30 [INFO] goszakup.parser: → Страница 187/200: https://www.goszakup.gov.kz/ru/search/lots?page=187
2026-02-24 14:05:34 [INFO] goszakup.parser:   Найдено лотов: 50
2026-02-24 14:05:36 [INFO] goszakup.parser: → Страница 188/200: https://www.goszakup.gov.kz/ru/search/lots?page=188
2026-02-24 14:05:40 [INFO] goszakup.parser:   Найдено лотов: 50
2026-02-24 14:05:40 [INFO] goszakup.service:   Сохранено новых лотов: 9000 (всего обработано: 9361)
2026-02-24 14:05:42 [INFO] goszakup.parser: → Страница 189/200: https://www.goszakup.gov.kz/ru/search/lots?page=189
2026-02-24 14:05:46 [INFO] goszakup.parser:   Найдено лотов: 50
2026-02-24 14:05:47 [INFO] goszakup.parser: → Страница 190/200: https://www.goszakup.gov.kz/ru/search/lots?page=190
2026-02-24 14:05:52 [INFO] goszakup.parser:   Найдено лотов: 50
2026-02-24 14:05:52 [INFO] goszakup.service:   Сохранено новых лотов: 9100 (всего обработано: 9461)
2026-02-24 14:05:53 [INFO] goszakup.parser: → Страница 191/200: https://www.goszakup.gov.kz/ru/search/lots?page=191
2026-02-24 14:05:58 [INFO] goszakup.parser:   Найдено лотов: 50
2026-02-24 14:05:59 [INFO] goszakup.parser: → Страница 192/200: https://www.goszakup.gov.kz/ru/search/lots?page=192
2026-02-24 14:06:04 [INFO] goszakup.parser:   Найдено лотов: 50
2026-02-24 14:06:04 [INFO] goszakup.service:   Сохранено новых лотов: 9200 (всего обработано: 9561)
2026-02-24 14:06:05 [INFO] goszakup.parser: → Страница 193/200: https://www.goszakup.gov.kz/ru/search/lots?page=193
2026-02-24 14:06:10 [INFO] goszakup.parser:   Найдено лотов: 50
2026-02-24 14:06:11 [INFO] goszakup.parser: → Страница 194/200: https://www.goszakup.gov.kz/ru/search/lots?page=194
2026-02-24 14:06:18 [INFO] goszakup.parser:   Найдено лотов: 50
2026-02-24 14:06:18 [INFO] goszakup.service:   Сохранено новых лотов: 9300 (всего обработано: 9661)
2026-02-24 14:06:20 [INFO] goszakup.parser: → Страница 195/200: https://www.goszakup.gov.kz/ru/search/lots?page=195
2026-02-24 14:06:24 [INFO] goszakup.parser:   Найдено лотов: 50
2026-02-24 14:06:25 [INFO] goszakup.parser: → Страница 196/200: https://www.goszakup.gov.kz/ru/search/lots?page=196
2026-02-24 14:06:30 [INFO] goszakup.parser:   Найдено лотов: 50
2026-02-24 14:06:30 [INFO] goszakup.service:   Сохранено новых лотов: 9400 (всего обработано: 9761)
2026-02-24 14:06:31 [INFO] goszakup.parser: → Страница 197/200: https://www.goszakup.gov.kz/ru/search/lots?page=197
2026-02-24 14:06:36 [INFO] goszakup.parser:   Найдено лотов: 50
2026-02-24 14:06:37 [INFO] goszakup.parser: → Страница 198/200: https://www.goszakup.gov.kz/ru/search/lots?page=198
2026-02-24 14:06:42 [INFO] goszakup.parser:   Найдено лотов: 50
2026-02-24 14:06:42 [INFO] goszakup.service:   Сохранено новых лотов: 9500 (всего обработано: 9861)
2026-02-24 14:06:43 [INFO] goszakup.parser: → Страница 199/200: https://www.goszakup.gov.kz/ru/search/lots?page=199
2026-02-24 14:06:48 [INFO] goszakup.parser:   Найдено лотов: 50
2026-02-24 14:06:49 [INFO] goszakup.parser: → Страница 200/200: https://www.goszakup.gov.kz/ru/search/lots?page=200
2026-02-24 14:06:53 [INFO] goszakup.parser:   Найдено лотов: 50
2026-02-24 14:06:54 [INFO] goszakup.service:   Сохранено новых лотов: 9600 (всего обработано: 9961)
2026-02-24 14:06:57 [INFO] goszakup.parser: WebDriver закрыт
2026-02-24 14:07:01 [INFO] goszakup.service: ╚═══ ПАРСИНГ ЗАВЕРШЁН (run_id=4) | найдено=10000 | новых=9639 | время=1357с ═══
2026-02-24 14:07:01 [INFO] goszakup.main: Ожидаем следующего запуска по расписанию...
